<html>
<body>
<pre>
<h1>µVision Build Log</h1>
<h2>Project:</h2>
C:\Keil\ValvanoWareTM4C123\Lab_3\ST7735.uvproj
Project File Date:  09/22/2019

<h2>Output:</h2>
Rebuild target 'ST7735'
assembling startup.s...
compiling PLL.c...
compiling ST7735.c...
compiling Lab3.c...
compiling Timers.c...
linking...
Program Size: Code=5028 RO-data=32856 RW-data=108 ZI-data=1068  
".\ST7735.axf" - 0 Error(s), 0 Warning(s).
Load "C:\\Keil\\ValvanoWareTM4C123\\Lab_3\\ST7735.axf" 
Connecting: Mode=JTAG, Speed=1000000Hz
Erase Done.
Programming Done.
Verify OK.
ngle_index = (hour_hand.set_time_angle_index + 12) % 720;
Lab3.c(210): error:  #169: expected a declaration
                        }
Lab3.c(236): warning:  #12-D: parsing restarts here after previous syntax error
        storePrevButtonVal();
Lab3.c(237): error:  #169: expected a declaration
  }
Lab3.c(257): warning: At end of source:  #12-D: parsing restarts here after previous syntax error
Lab3.c: 3 warnings, 4 errors
compiling Timers.c...
".\ST7735.axf" - 4 Error(s), 3 Warning(s).
Target not created
